18:08:29 [@astrojs/cloudflare] Enabling sessions with Cloudflare KV with the "SESSION" KV binding.
18:08:29 [@astrojs/cloudflare] If you see the error "Invalid binding `SESSION`" in your build output, you need to add the binding to your wrangler config file.
18:08:29 [WARN] Unsupported file type /Users/toc/Server/ONE/web/src/pages/group/[slug].astro.bak found. Prefix filename with an underscore (`_`) to ignore.
18:08:29 [WARN] Unsupported file type /Users/toc/Server/ONE/web/src/pages/groups/index.astro.bak found. Prefix filename with an underscore (`_`) to ignore.
18:08:29 [WARN] Unsupported file type /Users/toc/Server/ONE/web/src/pages/groups/index.astro.bak2 found. Prefix filename with an underscore (`_`) to ignore.
18:08:29 [WARN] [adapter] Cloudflare does not support sharp at runtime. However, you can configure `imageService: "compile"` to optimize images with sharp on prerendered pages during build time.
18:08:29 [content] Syncing content
18:08:29 [content] Synced content
18:08:29 [types] Generated 297ms
18:08:29 [check] Getting diagnostics for Astro files in /Users/toc/Server/ONE/web...
[96msrc/components/GitSection.tsx[0m:[93m209[0m:[93m16[0m - [93mwarning[0m[90m ts(6385): [0m'Github' is deprecated.

[7m209[0m               <Github className="w-5 h-5 mr-2" />
[7m   [0m [93m               ~~~~~~[0m
[96msrc/components/GitSection.tsx[0m:[93m4[0m:[93m26[0m - [93mwarning[0m[90m ts(6385): [0m'Github' is deprecated.

[7m4[0m import { Code, Download, Github, TerminalSquare, GitFork, Star, CloudCog } from 'lucide-react';
[7m [0m [93m                         ~~~~~~[0m

[96msrc/components/ShareButtons.tsx[0m:[93m111[0m:[93m12[0m - [93mwarning[0m[90m ts(6385): [0m'Linkedin' is deprecated.

[7m111[0m           <Linkedin className="h-4 w-4" />
[7m   [0m [93m           ~~~~~~~~[0m
[96msrc/components/ShareButtons.tsx[0m:[93m94[0m:[93m12[0m - [93mwarning[0m[90m ts(6385): [0m'Facebook' is deprecated.

[7m94[0m           <Facebook className="h-4 w-4" />
[7m  [0m [93m           ~~~~~~~~[0m
[96msrc/components/ShareButtons.tsx[0m:[93m77[0m:[93m12[0m - [93mwarning[0m[90m ts(6385): [0m'Twitter' is deprecated.

[7m77[0m           <Twitter className="h-4 w-4" />
[7m  [0m [93m           ~~~~~~~[0m
[96msrc/components/ShareButtons.tsx[0m:[93m5[0m:[93m37[0m - [93mwarning[0m[90m ts(6385): [0m'Linkedin' is deprecated.

[7m5[0m import { Share2, Twitter, Facebook, Linkedin } from 'lucide-react';
[7m [0m [93m                                    ~~~~~~~~[0m
[96msrc/components/ShareButtons.tsx[0m:[93m5[0m:[93m27[0m - [93mwarning[0m[90m ts(6385): [0m'Facebook' is deprecated.

[7m5[0m import { Share2, Twitter, Facebook, Linkedin } from 'lucide-react';
[7m [0m [93m                          ~~~~~~~~[0m
[96msrc/components/ShareButtons.tsx[0m:[93m5[0m:[93m18[0m - [93mwarning[0m[90m ts(6385): [0m'Twitter' is deprecated.

[7m5[0m import { Share2, Twitter, Facebook, Linkedin } from 'lucide-react';
[7m [0m [93m                 ~~~~~~~[0m

[96msrc/components/app/AppLayout.tsx[0m:[93m23[0m:[93m41[0m - [93mwarning[0m[90m ts(6133): [0m'NavigationView' is declared but its value is never read.

[7m23[0m import { mockEntities, viewCounts, type NavigationView, JOURNEY_STAGES } from "@/data/app-data"
[7m  [0m [93m                                        ~~~~~~~~~~~~~~[0m

[96msrc/components/auth/SocialLoginButtons.tsx[0m:[93m1[0m:[93m1[0m - [93mwarning[0m[90m ts(6133): [0m'React' is declared but its value is never read.

[7m1[0m import * as React from "react"
[7m [0m [93m~~~~~~~~~~~~~~~~~~~~~~~~~~~~~~[0m

[96msrc/components/dashboard/activity-chart.tsx[0m:[93m1[0m:[93m1[0m - [93mwarning[0m[90m ts(6133): [0m'React' is declared but its value is never read.

[7m1[0m import * as React from 'react';
[7m [0m [93m~~~~~~~~~~~~~~~~~~~~~~~~~~~~~~~[0m

[96msrc/components/dashboard/recent-transactions.tsx[0m:[93m1[0m:[93m1[0m - [93mwarning[0m[90m ts(6133): [0m'React' is declared but its value is never read.

[7m1[0m import * as React from 'react';
[7m [0m [93m~~~~~~~~~~~~~~~~~~~~~~~~~~~~~~~[0m

[96msrc/components/dashboard/revenue-chart.tsx[0m:[93m1[0m:[93m1[0m - [93mwarning[0m[90m ts(6133): [0m'React' is declared but its value is never read.

[7m1[0m import * as React from 'react';
[7m [0m [93m~~~~~~~~~~~~~~~~~~~~~~~~~~~~~~~[0m

[96msrc/components/examples/EnrollmentFlow.example.tsx[0m:[93m150[0m:[93m40[0m - [93mwarning[0m[90m ts(6198): [0mAll destructured elements are unused.

[7m150[0m export function EnrollmentFlowImproved({ userId, courseId, course }: EnrollmentFlowProps) {
[7m   [0m [93m                                       ~~~~~~~~~~~~~~~~~~~~~~~~~~~~[0m
[96msrc/components/examples/EnrollmentFlow.example.tsx[0m:[93m75[0m:[93m23[0m - [93mwarning[0m[90m ts(6133): [0m'connectionId' is declared but its value is never read.

[7m75[0m           onSuccess: (connectionId) => {
[7m  [0m [93m                      ~~~~~~~~~~~~[0m
[96msrc/components/examples/EnrollmentFlow.example.tsx[0m:[93m18[0m:[93m8[0m - [93mwarning[0m[90m ts(6133): [0m'T' is declared but its value is never read.

[7m18[0m type Id<T> = string; // Temporary type until backend is connected
[7m  [0m [93m       ~~~[0m

[96msrc/components/examples/HooksExample.tsx[0m:[93m238[0m:[93m18[0m - [93mwarning[0m[90m ts(6133): [0m'handleEnroll' is declared but its value is never read.

[7m238[0m   async function handleEnroll(courseId: string) {
[7m   [0m [93m                 ~~~~~~~~~~~~[0m
[96msrc/components/examples/HooksExample.tsx[0m:[93m47[0m:[93m3[0m - [93mwarning[0m[90m ts(6133): [0m'useCreateKnowledge' is declared but its value is never read.

[7m47[0m   useCreateKnowledge,
[7m  [0m [93m  ~~~~~~~~~~~~~~~~~~[0m
[96msrc/components/examples/HooksExample.tsx[0m:[93m40[0m:[93m3[0m - [93mwarning[0m[90m ts(6133): [0m'useEvents' is declared but its value is never read.

[7m40[0m   useEvents,
[7m  [0m [93m  ~~~~~~~~~[0m
[96msrc/components/examples/HooksExample.tsx[0m:[93m35[0m:[93m3[0m - [93mwarning[0m[90m ts(6133): [0m'useConnections' is declared but its value is never read.

[7m35[0m   useConnections,
[7m  [0m [93m  ~~~~~~~~~~~~~~[0m
[96msrc/components/examples/HooksExample.tsx[0m:[93m30[0m:[93m3[0m - [93mwarning[0m[90m ts(6133): [0m'useThing' is declared but its value is never read.

[7m30[0m   useThing,
[7m  [0m [93m  ~~~~~~~~[0m
[96msrc/components/examples/HooksExample.tsx[0m:[93m25[0m:[93m3[0m - [93mwarning[0m[90m ts(6133): [0m'usePeople' is declared but its value is never read.

[7m25[0m   usePeople,
[7m  [0m [93m  ~~~~~~~~~[0m
[96msrc/components/examples/HooksExample.tsx[0m:[93m19[0m:[93m3[0m - [93mwarning[0m[90m ts(6133): [0m'useOrganization' is declared but its value is never read.

[7m19[0m   useOrganization,
[7m  [0m [93m  ~~~~~~~~~~~~~~~[0m
[96msrc/components/examples/HooksExample.tsx[0m:[93m16[0m:[93m3[0m - [93mwarning[0m[90m ts(6133): [0m'DataProviderProvider' is declared but its value is never read.

[7m16[0m   DataProviderProvider,
[7m  [0m [93m  ~~~~~~~~~~~~~~~~~~~~[0m

[96msrc/components/features/GroupCard.tsx[0m:[93m30[0m:[93m40[0m - [93mwarning[0m[90m ts(6133): [0m'Group' is declared but its value is never read.

[7m30[0m import { useGroup, useGroupStats, type Group } from "@/hooks/useGroups";
[7m  [0m [93m                                       ~~~~~[0m
[96msrc/components/features/GroupCard.tsx[0m:[93m6[0m:[93m1[0m - [93mwarning[0m[90m ts(6133): [0m'React' is declared but its value is never read.

[7m6[0m import * as React from "react";
[7m [0m [93m~~~~~~~~~~~~~~~~~~~~~~~~~~~~~~~[0m

[96msrc/components/features/GroupSelector.tsx[0m:[93m6[0m:[93m1[0m - [93mwarning[0m[90m ts(6133): [0m'React' is declared but its value is never read.

[7m6[0m import * as React from "react";
[7m [0m [93m~~~~~~~~~~~~~~~~~~~~~~~~~~~~~~~[0m

[96msrc/components/groups/GroupCreateForm.tsx[0m:[93m89[0m:[93m13[0m - [93mwarning[0m[90m ts(6133): [0m'groupId' is declared but its value is never read.

[7m89[0m       const groupId = await createGroup({
[7m  [0m [93m            ~~~~~~~[0m
[96msrc/components/groups/GroupCreateForm.tsx[0m:[93m51[0m:[93m35[0m - [93mwarning[0m[90m ts(6133): [0m'user' is declared but its value is never read.

[7m51[0m export function GroupCreateForm({ user, parentSlug }: GroupCreateFormProps) {
[7m  [0m [93m                                  ~~~~[0m

[96msrc/components/groups/GroupSettingsForm.tsx[0m:[93m62[0m:[93m44[0m - [93mwarning[0m[90m ts(6133): [0m'user' is declared but its value is never read.

[7m62[0m export function GroupSettingsForm({ group, user }: GroupSettingsFormProps) {
[7m  [0m [93m                                           ~~~~[0m

[96msrc/components/mail/AccountSwitcher.tsx[0m:[93m64[0m:[93m33[0m - [93mwarning[0m[90m ts(6133): [0m'index' is declared but its value is never read.

[7m64[0m         {accounts.map((account, index) => (
[7m  [0m [93m                                ~~~~~[0m

[96msrc/components/mail/MailDisplay.tsx[0m:[93m80[0m:[93m25[0m - [93mwarning[0m[90m ts(6133): [0m'date' is declared but its value is never read.

[7m80[0m   const handleSnooze = (date: Date, label: string) => {
[7m  [0m [93m                        ~~~~[0m

[96msrc/components/ui/accordion.tsx[0m:[93m42[0m:[93m9[0m - [93mwarning[0m[90m ts(6385): [0m'ElementRef' is deprecated.

[7m42[0m   React.ElementRef<typeof AccordionPrimitive.Content>,
[7m  [0m [93m        ~~~~~~~~~~[0m
[96msrc/components/ui/accordion.tsx[0m:[93m22[0m:[93m9[0m - [93mwarning[0m[90m ts(6385): [0m'ElementRef' is deprecated.

[7m22[0m   React.ElementRef<typeof AccordionPrimitive.Trigger>,
[7m  [0m [93m        ~~~~~~~~~~[0m
[96msrc/components/ui/accordion.tsx[0m:[93m10[0m:[93m9[0m - [93mwarning[0m[90m ts(6385): [0m'ElementRef' is deprecated.

[7m10[0m   React.ElementRef<typeof AccordionPrimitive.Item>,
[7m  [0m [93m        ~~~~~~~~~~[0m

[96msrc/components/ui/alert-dialog.tsx[0m:[93m112[0m:[93m9[0m - [93mwarning[0m[90m ts(6385): [0m'ElementRef' is deprecated.

[7m112[0m   React.ElementRef<typeof AlertDialogPrimitive.Cancel>,
[7m   [0m [93m        ~~~~~~~~~~[0m
[96msrc/components/ui/alert-dialog.tsx[0m:[93m100[0m:[93m9[0m - [93mwarning[0m[90m ts(6385): [0m'ElementRef' is deprecated.

[7m100[0m   React.ElementRef<typeof AlertDialogPrimitive.Action>,
[7m   [0m [93m        ~~~~~~~~~~[0m
[96msrc/components/ui/alert-dialog.tsx[0m:[93m87[0m:[93m9[0m - [93mwarning[0m[90m ts(6385): [0m'ElementRef' is deprecated.

[7m87[0m   React.ElementRef<typeof AlertDialogPrimitive.Description>,
[7m  [0m [93m        ~~~~~~~~~~[0m
[96msrc/components/ui/alert-dialog.tsx[0m:[93m75[0m:[93m9[0m - [93mwarning[0m[90m ts(6385): [0m'ElementRef' is deprecated.

[7m75[0m   React.ElementRef<typeof AlertDialogPrimitive.Title>,
[7m  [0m [93m        ~~~~~~~~~~[0m
[96msrc/components/ui/alert-dialog.tsx[0m:[93m29[0m:[93m9[0m - [93mwarning[0m[90m ts(6385): [0m'ElementRef' is deprecated.

[7m29[0m   React.ElementRef<typeof AlertDialogPrimitive.Content>,
[7m  [0m [93m        ~~~~~~~~~~[0m
[96msrc/components/ui/alert-dialog.tsx[0m:[93m14[0m:[93m9[0m - [93mwarning[0m[90m ts(6385): [0m'ElementRef' is deprecated.

[7m14[0m   React.ElementRef<typeof AlertDialogPrimitive.Overlay>,
[7m  [0m [93m        ~~~~~~~~~~[0m

[96msrc/components/ui/avatar.tsx[0m:[93m36[0m:[93m9[0m - [93mwarning[0m[90m ts(6385): [0m'ElementRef' is deprecated.

[7m36[0m   React.ElementRef<typeof AvatarPrimitive.Fallback>,
[7m  [0m [93m        ~~~~~~~~~~[0m
[96msrc/components/ui/avatar.tsx[0m:[93m24[0m:[93m9[0m - [93mwarning[0m[90m ts(6385): [0m'ElementRef' is deprecated.

[7m24[0m   React.ElementRef<typeof AvatarPrimitive.Image>,
[7m  [0m [93m        ~~~~~~~~~~[0m
[96msrc/components/ui/avatar.tsx[0m:[93m9[0m:[93m9[0m - [93mwarning[0m[90m ts(6385): [0m'ElementRef' is deprecated.

[7m9[0m   React.ElementRef<typeof AvatarPrimitive.Root>,
[7m [0m [93m        ~~~~~~~~~~[0m

[96msrc/components/ui/checkbox.tsx[0m:[93m8[0m:[93m9[0m - [93mwarning[0m[90m ts(6385): [0m'ElementRef' is deprecated.

[7m8[0m   React.ElementRef<typeof CheckboxPrimitive.Root>,
[7m [0m [93m        ~~~~~~~~~~[0m

[96msrc/components/ui/command.tsx[0m:[93m110[0m:[93m9[0m - [93mwarning[0m[90m ts(6385): [0m'ElementRef' is deprecated.

[7m110[0m   React.ElementRef<typeof CommandPrimitive.Item>,
[7m   [0m [93m        ~~~~~~~~~~[0m
[96msrc/components/ui/command.tsx[0m:[93m98[0m:[93m9[0m - [93mwarning[0m[90m ts(6385): [0m'ElementRef' is deprecated.

[7m98[0m   React.ElementRef<typeof CommandPrimitive.Separator>,
[7m  [0m [93m        ~~~~~~~~~~[0m
[96msrc/components/ui/command.tsx[0m:[93m82[0m:[93m9[0m - [93mwarning[0m[90m ts(6385): [0m'ElementRef' is deprecated.

[7m82[0m   React.ElementRef<typeof CommandPrimitive.Group>,
[7m  [0m [93m        ~~~~~~~~~~[0m
[96msrc/components/ui/command.tsx[0m:[93m69[0m:[93m9[0m - [93mwarning[0m[90m ts(6385): [0m'ElementRef' is deprecated.

[7m69[0m   React.ElementRef<typeof CommandPrimitive.Empty>,
[7m  [0m [93m        ~~~~~~~~~~[0m
[96msrc/components/ui/command.tsx[0m:[93m56[0m:[93m9[0m - [93mwarning[0m[90m ts(6385): [0m'ElementRef' is deprecated.

[7m56[0m   React.ElementRef<typeof CommandPrimitive.List>,
[7m  [0m [93m        ~~~~~~~~~~[0m
[96msrc/components/ui/command.tsx[0m:[93m37[0m:[93m9[0m - [93mwarning[0m[90m ts(6385): [0m'ElementRef' is deprecated.

[7m37[0m   React.ElementRef<typeof CommandPrimitive.Input>,
[7m  [0m [93m        ~~~~~~~~~~[0m
[96msrc/components/ui/command.tsx[0m:[93m10[0m:[93m9[0m - [93mwarning[0m[90m ts(6385): [0m'ElementRef' is deprecated.

[7m10[0m   React.ElementRef<typeof CommandPrimitive>,
[7m  [0m [93m        ~~~~~~~~~~[0m

[96msrc/components/ui/context-menu.tsx[0m:[93m155[0m:[93m9[0m - [93mwarning[0m[90m ts(6385): [0m'ElementRef' is deprecated.

[7m155[0m   React.ElementRef<typeof ContextMenuPrimitive.Separator>,
[7m   [0m [93m        ~~~~~~~~~~[0m
[96msrc/components/ui/context-menu.tsx[0m:[93m137[0m:[93m9[0m - [93mwarning[0m[90m ts(6385): [0m'ElementRef' is deprecated.

[7m137[0m   React.ElementRef<typeof ContextMenuPrimitive.Label>,
[7m   [0m [93m        ~~~~~~~~~~[0m
[96msrc/components/ui/context-menu.tsx[0m:[93m115[0m:[93m9[0m - [93mwarning[0m[90m ts(6385): [0m'ElementRef' is deprecated.

[7m115[0m   React.ElementRef<typeof ContextMenuPrimitive.RadioItem>,
[7m   [0m [93m        ~~~~~~~~~~[0m
[96msrc/components/ui/context-menu.tsx[0m:[93m91[0m:[93m9[0m - [93mwarning[0m[90m ts(6385): [0m'ElementRef' is deprecated.

[7m91[0m   React.ElementRef<typeof ContextMenuPrimitive.CheckboxItem>,
[7m  [0m [93m        ~~~~~~~~~~[0m
[96msrc/components/ui/context-menu.tsx[0m:[93m73[0m:[93m9[0m - [93mwarning[0m[90m ts(6385): [0m'ElementRef' is deprecated.

[7m73[0m   React.ElementRef<typeof ContextMenuPrimitive.Item>,
[7m  [0m [93m        ~~~~~~~~~~[0m
[96msrc/components/ui/context-menu.tsx[0m:[93m56[0m:[93m9[0m - [93mwarning[0m[90m ts(6385): [0m'ElementRef' is deprecated.

[7m56[0m   React.ElementRef<typeof ContextMenuPrimitive.Content>,
[7m  [0m [93m        ~~~~~~~~~~[0m
[96msrc/components/ui/context-menu.tsx[0m:[93m41[0m:[93m9[0m - [93mwarning[0m[90m ts(6385): [0m'ElementRef' is deprecated.

[7m41[0m   React.ElementRef<typeof ContextMenuPrimitive.SubContent>,
[7m  [0m [93m        ~~~~~~~~~~[0m
[96msrc/components/ui/context-menu.tsx[0m:[93m20[0m:[93m9[0m - [93mwarning[0m[90m ts(6385): [0m'ElementRef' is deprecated.

[7m20[0m   React.ElementRef<typeof ContextMenuPrimitive.SubTrigger>,
[7m  [0m [93m        ~~~~~~~~~~[0m

[96msrc/components/ui/dialog.tsx[0m:[93m100[0m:[93m9[0m - [93mwarning[0m[90m ts(6385): [0m'ElementRef' is deprecated.

[7m100[0m   React.ElementRef<typeof DialogPrimitive.Description>,
[7m   [0m [93m        ~~~~~~~~~~[0m
[96msrc/components/ui/dialog.tsx[0m:[93m85[0m:[93m9[0m - [93mwarning[0m[90m ts(6385): [0m'ElementRef' is deprecated.

[7m85[0m   React.ElementRef<typeof DialogPrimitive.Title>,
[7m  [0m [93m        ~~~~~~~~~~[0m
[96msrc/components/ui/dialog.tsx[0m:[93m33[0m:[93m9[0m - [93mwarning[0m[90m ts(6385): [0m'ElementRef' is deprecated.

[7m33[0m   React.ElementRef<typeof DialogPrimitive.Content>,
[7m  [0m [93m        ~~~~~~~~~~[0m
[96msrc/components/ui/dialog.tsx[0m:[93m18[0m:[93m9[0m - [93mwarning[0m[90m ts(6385): [0m'ElementRef' is deprecated.

[7m18[0m   React.ElementRef<typeof DialogPrimitive.Overlay>,
[7m  [0m [93m        ~~~~~~~~~~[0m

[96msrc/components/ui/drawer.tsx[0m:[93m96[0m:[93m9[0m - [93mwarning[0m[90m ts(6385): [0m'ElementRef' is deprecated.

[7m96[0m   React.ElementRef<typeof DrawerPrimitive.Description>,
[7m  [0m [93m        ~~~~~~~~~~[0m
[96msrc/components/ui/drawer.tsx[0m:[93m81[0m:[93m9[0m - [93mwarning[0m[90m ts(6385): [0m'ElementRef' is deprecated.

[7m81[0m   React.ElementRef<typeof DrawerPrimitive.Title>,
[7m  [0m [93m        ~~~~~~~~~~[0m
[96msrc/components/ui/drawer.tsx[0m:[93m38[0m:[93m9[0m - [93mwarning[0m[90m ts(6385): [0m'ElementRef' is deprecated.

[7m38[0m   React.ElementRef<typeof DrawerPrimitive.Content>,
[7m  [0m [93m        ~~~~~~~~~~[0m
[96msrc/components/ui/drawer.tsx[0m:[93m26[0m:[93m9[0m - [93mwarning[0m[90m ts(6385): [0m'ElementRef' is deprecated.

[7m26[0m   React.ElementRef<typeof DrawerPrimitive.Overlay>,
[7m  [0m [93m        ~~~~~~~~~~[0m

[96msrc/components/ui/dropdown-menu.tsx[0m:[93m159[0m:[93m9[0m - [93mwarning[0m[90m ts(6385): [0m'ElementRef' is deprecated.

[7m159[0m   React.ElementRef<typeof DropdownMenuPrimitive.Separator>,
[7m   [0m [93m        ~~~~~~~~~~[0m
[96msrc/components/ui/dropdown-menu.tsx[0m:[93m141[0m:[93m9[0m - [93mwarning[0m[90m ts(6385): [0m'ElementRef' is deprecated.

[7m141[0m   React.ElementRef<typeof DropdownMenuPrimitive.Label>,
[7m   [0m [93m        ~~~~~~~~~~[0m
[96msrc/components/ui/dropdown-menu.tsx[0m:[93m119[0m:[93m9[0m - [93mwarning[0m[90m ts(6385): [0m'ElementRef' is deprecated.

[7m119[0m   React.ElementRef<typeof DropdownMenuPrimitive.RadioItem>,
[7m   [0m [93m        ~~~~~~~~~~[0m
[96msrc/components/ui/dropdown-menu.tsx[0m:[93m95[0m:[93m9[0m - [93mwarning[0m[90m ts(6385): [0m'ElementRef' is deprecated.

[7m95[0m   React.ElementRef<typeof DropdownMenuPrimitive.CheckboxItem>,
[7m  [0m [93m        ~~~~~~~~~~[0m
[96msrc/components/ui/dropdown-menu.tsx[0m:[93m77[0m:[93m9[0m - [93mwarning[0m[90m ts(6385): [0m'ElementRef' is deprecated.

[7m77[0m   React.ElementRef<typeof DropdownMenuPrimitive.Item>,
[7m  [0m [93m        ~~~~~~~~~~[0m
[96msrc/components/ui/dropdown-menu.tsx[0m:[93m58[0m:[93m9[0m - [93mwarning[0m[90m ts(6385): [0m'ElementRef' is deprecated.

[7m58[0m   React.ElementRef<typeof DropdownMenuPrimitive.Content>,
[7m  [0m [93m        ~~~~~~~~~~[0m
[96msrc/components/ui/dropdown-menu.tsx[0m:[93m42[0m:[93m9[0m - [93mwarning[0m[90m ts(6385): [0m'ElementRef' is deprecated.

[7m42[0m   React.ElementRef<typeof DropdownMenuPrimitive.SubContent>,
[7m  [0m [93m        ~~~~~~~~~~[0m
[96msrc/components/ui/dropdown-menu.tsx[0m:[93m20[0m:[93m9[0m - [93mwarning[0m[90m ts(6385): [0m'ElementRef' is deprecated.

[7m20[0m   React.ElementRef<typeof DropdownMenuPrimitive.SubTrigger>,
[7m  [0m [93m        ~~~~~~~~~~[0m

[96msrc/components/ui/form.tsx[0m:[93m107[0m:[93m9[0m - [93mwarning[0m[90m ts(6385): [0m'ElementRef' is deprecated.

[7m107[0m   React.ElementRef<typeof Slot>,
[7m   [0m [93m        ~~~~~~~~~~[0m
[96msrc/components/ui/form.tsx[0m:[93m90[0m:[93m9[0m - [93mwarning[0m[90m ts(6385): [0m'ElementRef' is deprecated.

[7m90[0m   React.ElementRef<typeof LabelPrimitive.Root>,
[7m  [0m [93m        ~~~~~~~~~~[0m

[96msrc/components/ui/hover-card.tsx[0m:[93m13[0m:[93m9[0m - [93mwarning[0m[90m ts(6385): [0m'ElementRef' is deprecated.

[7m13[0m   React.ElementRef<typeof HoverCardPrimitive.Content>,
[7m  [0m [93m        ~~~~~~~~~~[0m

[96msrc/components/ui/input-otp.tsx[0m:[93m60[0m:[93m9[0m - [93mwarning[0m[90m ts(6385): [0m'ElementRef' is deprecated.

[7m60[0m   React.ElementRef<'div'>,
[7m  [0m [93m        ~~~~~~~~~~[0m
[96msrc/components/ui/input-otp.tsx[0m:[93m32[0m:[93m9[0m - [93mwarning[0m[90m ts(6385): [0m'ElementRef' is deprecated.

[7m32[0m   React.ElementRef<'div'>,
[7m  [0m [93m        ~~~~~~~~~~[0m
[96msrc/components/ui/input-otp.tsx[0m:[93m24[0m:[93m9[0m - [93mwarning[0m[90m ts(6385): [0m'ElementRef' is deprecated.

[7m24[0m   React.ElementRef<'div'>,
[7m  [0m [93m        ~~~~~~~~~~[0m
[96msrc/components/ui/input-otp.tsx[0m:[93m8[0m:[93m9[0m - [93mwarning[0m[90m ts(6385): [0m'ElementRef' is deprecated.

[7m8[0m   React.ElementRef<typeof OTPInput>,
[7m [0m [93m        ~~~~~~~~~~[0m

[96msrc/components/ui/label.tsx[0m:[93m12[0m:[93m9[0m - [93mwarning[0m[90m ts(6385): [0m'ElementRef' is deprecated.

[7m12[0m   React.ElementRef<typeof LabelPrimitive.Root>,
[7m  [0m [93m        ~~~~~~~~~~[0m

[96msrc/components/ui/menubar.tsx[0m:[93m212[0m:[93m9[0m - [93mwarning[0m[90m ts(6385): [0m'ElementRef' is deprecated.

[7m212[0m   React.ElementRef<typeof MenubarPrimitive.Separator>,
[7m   [0m [93m        ~~~~~~~~~~[0m
[96msrc/components/ui/menubar.tsx[0m:[93m194[0m:[93m9[0m - [93mwarning[0m[90m ts(6385): [0m'ElementRef' is deprecated.

[7m194[0m   React.ElementRef<typeof MenubarPrimitive.Label>,
[7m   [0m [93m        ~~~~~~~~~~[0m
[96msrc/components/ui/menubar.tsx[0m:[93m172[0m:[93m9[0m - [93mwarning[0m[90m ts(6385): [0m'ElementRef' is deprecated.

[7m172[0m   React.ElementRef<typeof MenubarPrimitive.RadioItem>,
[7m   [0m [93m        ~~~~~~~~~~[0m
[96msrc/components/ui/menubar.tsx[0m:[93m149[0m:[93m9[0m - [93mwarning[0m[90m ts(6385): [0m'ElementRef' is deprecated.

[7m149[0m   React.ElementRef<typeof MenubarPrimitive.CheckboxItem>,
[7m   [0m [93m        ~~~~~~~~~~[0m
[96msrc/components/ui/menubar.tsx[0m:[93m131[0m:[93m9[0m - [93mwarning[0m[90m ts(6385): [0m'ElementRef' is deprecated.

[7m131[0m   React.ElementRef<typeof MenubarPrimitive.Item>,
[7m   [0m [93m        ~~~~~~~~~~[0m
[96msrc/components/ui/menubar.tsx[0m:[93m106[0m:[93m9[0m - [93mwarning[0m[90m ts(6385): [0m'ElementRef' is deprecated.

[7m106[0m   React.ElementRef<typeof MenubarPrimitive.Content>,
[7m   [0m [93m        ~~~~~~~~~~[0m
[96msrc/components/ui/menubar.tsx[0m:[93m91[0m:[93m9[0m - [93mwarning[0m[90m ts(6385): [0m'ElementRef' is deprecated.

[7m91[0m   React.ElementRef<typeof MenubarPrimitive.SubContent>,
[7m  [0m [93m        ~~~~~~~~~~[0m
[96msrc/components/ui/menubar.tsx[0m:[93m70[0m:[93m9[0m - [93mwarning[0m[90m ts(6385): [0m'ElementRef' is deprecated.

[7m70[0m   React.ElementRef<typeof MenubarPrimitive.SubTrigger>,
[7m  [0m [93m        ~~~~~~~~~~[0m
[96msrc/components/ui/menubar.tsx[0m:[93m55[0m:[93m9[0m - [93mwarning[0m[90m ts(6385): [0m'ElementRef' is deprecated.

[7m55[0m   React.ElementRef<typeof MenubarPrimitive.Trigger>,
[7m  [0m [93m        ~~~~~~~~~~[0m
[96msrc/components/ui/menubar.tsx[0m:[93m40[0m:[93m9[0m - [93mwarning[0m[90m ts(6385): [0m'ElementRef' is deprecated.

[7m40[0m   React.ElementRef<typeof MenubarPrimitive.Root>,
[7m  [0m [93m        ~~~~~~~~~~[0m

[96msrc/components/ui/navigation-menu.tsx[0m:[93m101[0m:[93m9[0m - [93mwarning[0m[90m ts(6385): [0m'ElementRef' is deprecated.

[7m101[0m   React.ElementRef<typeof NavigationMenuPrimitive.Indicator>,
[7m   [0m [93m        ~~~~~~~~~~[0m
[96msrc/components/ui/navigation-menu.tsx[0m:[93m83[0m:[93m9[0m - [93mwarning[0m[90m ts(6385): [0m'ElementRef' is deprecated.

[7m83[0m   React.ElementRef<typeof NavigationMenuPrimitive.Viewport>,
[7m  [0m [93m        ~~~~~~~~~~[0m
[96msrc/components/ui/navigation-menu.tsx[0m:[93m66[0m:[93m9[0m - [93mwarning[0m[90m ts(6385): [0m'ElementRef' is deprecated.

[7m66[0m   React.ElementRef<typeof NavigationMenuPrimitive.Content>,
[7m  [0m [93m        ~~~~~~~~~~[0m
[96msrc/components/ui/navigation-menu.tsx[0m:[93m48[0m:[93m9[0m - [93mwarning[0m[90m ts(6385): [0m'ElementRef' is deprecated.

[7m48[0m   React.ElementRef<typeof NavigationMenuPrimitive.Trigger>,
[7m  [0m [93m        ~~~~~~~~~~[0m
[96msrc/components/ui/navigation-menu.tsx[0m:[93m27[0m:[93m9[0m - [93mwarning[0m[90m ts(6385): [0m'ElementRef' is deprecated.

[7m27[0m   React.ElementRef<typeof NavigationMenuPrimitive.List>,
[7m  [0m [93m        ~~~~~~~~~~[0m
[96msrc/components/ui/navigation-menu.tsx[0m:[93m9[0m:[93m9[0m - [93mwarning[0m[90m ts(6385): [0m'ElementRef' is deprecated.

[7m9[0m   React.ElementRef<typeof NavigationMenuPrimitive.Root>,
[7m [0m [93m        ~~~~~~~~~~[0m

[96msrc/components/ui/popover.tsx[0m:[93m13[0m:[93m9[0m - [93mwarning[0m[90m ts(6385): [0m'ElementRef' is deprecated.

[7m13[0m   React.ElementRef<typeof PopoverPrimitive.Content>,
[7m  [0m [93m        ~~~~~~~~~~[0m

[96msrc/components/ui/progress.tsx[0m:[93m9[0m:[93m9[0m - [93mwarning[0m[90m ts(6385): [0m'ElementRef' is deprecated.

[7m9[0m   React.ElementRef<typeof ProgressPrimitive.Root>,
[7m [0m [93m        ~~~~~~~~~~[0m

[96msrc/components/ui/radio-group.tsx[0m:[93m22[0m:[93m9[0m - [93mwarning[0m[90m ts(6385): [0m'ElementRef' is deprecated.

[7m22[0m   React.ElementRef<typeof RadioGroupPrimitive.Item>,
[7m  [0m [93m        ~~~~~~~~~~[0m
[96msrc/components/ui/radio-group.tsx[0m:[93m8[0m:[93m9[0m - [93mwarning[0m[90m ts(6385): [0m'ElementRef' is deprecated.

[7m8[0m   React.ElementRef<typeof RadioGroupPrimitive.Root>,
[7m [0m [93m        ~~~~~~~~~~[0m

[96msrc/components/ui/scroll-area.tsx[0m:[93m25[0m:[93m9[0m - [93mwarning[0m[90m ts(6385): [0m'ElementRef' is deprecated.

[7m25[0m   React.ElementRef<typeof ScrollAreaPrimitive.ScrollAreaScrollbar>,
[7m  [0m [93m        ~~~~~~~~~~[0m
[96msrc/components/ui/scroll-area.tsx[0m:[93m7[0m:[93m9[0m - [93mwarning[0m[90m ts(6385): [0m'ElementRef' is deprecated.

[7m7[0m   React.ElementRef<typeof ScrollAreaPrimitive.Root>,
[7m [0m [93m        ~~~~~~~~~~[0m

[96msrc/components/ui/select.tsx[0m:[93m137[0m:[93m9[0m - [93mwarning[0m[90m ts(6385): [0m'ElementRef' is deprecated.

[7m137[0m   React.ElementRef<typeof SelectPrimitive.Separator>,
[7m   [0m [93m        ~~~~~~~~~~[0m
[96msrc/components/ui/select.tsx[0m:[93m115[0m:[93m9[0m - [93mwarning[0m[90m ts(6385): [0m'ElementRef' is deprecated.

[7m115[0m   React.ElementRef<typeof SelectPrimitive.Item>,
[7m   [0m [93m        ~~~~~~~~~~[0m
[96msrc/components/ui/select.tsx[0m:[93m103[0m:[93m9[0m - [93mwarning[0m[90m ts(6385): [0m'ElementRef' is deprecated.

[7m103[0m   React.ElementRef<typeof SelectPrimitive.Label>,
[7m   [0m [93m        ~~~~~~~~~~[0m
[96msrc/components/ui/select.tsx[0m:[93m71[0m:[93m9[0m - [93mwarning[0m[90m ts(6385): [0m'ElementRef' is deprecated.

[7m71[0m   React.ElementRef<typeof SelectPrimitive.Content>,
[7m  [0m [93m        ~~~~~~~~~~[0m
[96msrc/components/ui/select.tsx[0m:[93m53[0m:[93m9[0m - [93mwarning[0m[90m ts(6385): [0m'ElementRef' is deprecated.

[7m53[0m   React.ElementRef<typeof SelectPrimitive.ScrollDownButton>,
[7m  [0m [93m        ~~~~~~~~~~[0m
[96msrc/components/ui/select.tsx[0m:[93m36[0m:[93m9[0m - [93mwarning[0m[90m ts(6385): [0m'ElementRef' is deprecated.

[7m36[0m   React.ElementRef<typeof SelectPrimitive.ScrollUpButton>,
[7m  [0m [93m        ~~~~~~~~~~[0m
[96msrc/components/ui/select.tsx[0m:[93m16[0m:[93m9[0m - [93mwarning[0m[90m ts(6385): [0m'ElementRef' is deprecated.

[7m16[0m   React.ElementRef<typeof SelectPrimitive.Trigger>,
[7m  [0m [93m        ~~~~~~~~~~[0m

[96msrc/components/ui/separator.tsx[0m:[93m7[0m:[93m9[0m - [93mwarning[0m[90m ts(6385): [0m'ElementRef' is deprecated.

[7m7[0m   React.ElementRef<typeof SeparatorPrimitive.Root>,
[7m [0m [93m        ~~~~~~~~~~[0m

[96msrc/components/ui/sheet.tsx[0m:[93m118[0m:[93m9[0m - [93mwarning[0m[90m ts(6385): [0m'ElementRef' is deprecated.

[7m118[0m   React.ElementRef<typeof SheetPrimitive.Description>,
[7m   [0m [93m        ~~~~~~~~~~[0m
[96msrc/components/ui/sheet.tsx[0m:[93m106[0m:[93m9[0m - [93mwarning[0m[90m ts(6385): [0m'ElementRef' is deprecated.

[7m106[0m   React.ElementRef<typeof SheetPrimitive.Title>,
[7m   [0m [93m        ~~~~~~~~~~[0m
[96msrc/components/ui/sheet.tsx[0m:[93m57[0m:[93m9[0m - [93mwarning[0m[90m ts(6385): [0m'ElementRef' is deprecated.

[7m57[0m   React.ElementRef<typeof SheetPrimitive.Content>,
[7m  [0m [93m        ~~~~~~~~~~[0m
[96msrc/components/ui/sheet.tsx[0m:[93m19[0m:[93m9[0m - [93mwarning[0m[90m ts(6385): [0m'ElementRef' is deprecated.

[7m19[0m   React.ElementRef<typeof SheetPrimitive.Overlay>,
[7m  [0m [93m        ~~~~~~~~~~[0m

[96msrc/components/ui/sidebar.tsx[0m:[93m395[0m:[93m9[0m - [93mwarning[0m[90m ts(6385): [0m'ElementRef' is deprecated.

[7m395[0m   React.ElementRef<typeof Separator>,
[7m   [0m [93m        ~~~~~~~~~~[0m
[96msrc/components/ui/sidebar.tsx[0m:[93m347[0m:[93m9[0m - [93mwarning[0m[90m ts(6385): [0m'ElementRef' is deprecated.

[7m347[0m   React.ElementRef<typeof Input>,
[7m   [0m [93m        ~~~~~~~~~~[0m
[96msrc/components/ui/sidebar.tsx[0m:[93m274[0m:[93m9[0m - [93mwarning[0m[90m ts(6385): [0m'ElementRef' is deprecated.

[7m274[0m   React.ElementRef<typeof Button>,
[7m   [0m [93m        ~~~~~~~~~~[0m

[96msrc/components/ui/slider.tsx[0m:[93m7[0m:[93m9[0m - [93mwarning[0m[90m ts(6385): [0m'ElementRef' is deprecated.

[7m7[0m   React.ElementRef<typeof SliderPrimitive.Root>,
[7m [0m [93m        ~~~~~~~~~~[0m

[96msrc/components/ui/switch.tsx[0m:[93m7[0m:[93m9[0m - [93mwarning[0m[90m ts(6385): [0m'ElementRef' is deprecated.

[7m7[0m   React.ElementRef<typeof SwitchPrimitives.Root>,
[7m [0m [93m        ~~~~~~~~~~[0m

[96msrc/components/ui/tabs.tsx[0m:[93m39[0m:[93m9[0m - [93mwarning[0m[90m ts(6385): [0m'ElementRef' is deprecated.

[7m39[0m   React.ElementRef<typeof TabsPrimitive.Content>,
[7m  [0m [93m        ~~~~~~~~~~[0m
[96msrc/components/ui/tabs.tsx[0m:[93m24[0m:[93m9[0m - [93mwarning[0m[90m ts(6385): [0m'ElementRef' is deprecated.

[7m24[0m   React.ElementRef<typeof TabsPrimitive.Trigger>,
[7m  [0m [93m        ~~~~~~~~~~[0m
[96msrc/components/ui/tabs.tsx[0m:[93m9[0m:[93m9[0m - [93mwarning[0m[90m ts(6385): [0m'ElementRef' is deprecated.

[7m9[0m   React.ElementRef<typeof TabsPrimitive.List>,
[7m [0m [93m        ~~~~~~~~~~[0m

[96msrc/components/ui/toast.tsx[0m:[93m102[0m:[93m9[0m - [93mwarning[0m[90m ts(6385): [0m'ElementRef' is deprecated.

[7m102[0m   React.ElementRef<typeof ToastPrimitives.Description>,
[7m   [0m [93m        ~~~~~~~~~~[0m
[96msrc/components/ui/toast.tsx[0m:[93m90[0m:[93m9[0m - [93mwarning[0m[90m ts(6385): [0m'ElementRef' is deprecated.

[7m90[0m   React.ElementRef<typeof ToastPrimitives.Title>,
[7m  [0m [93m        ~~~~~~~~~~[0m
[96msrc/components/ui/toast.tsx[0m:[93m72[0m:[93m9[0m - [93mwarning[0m[90m ts(6385): [0m'ElementRef' is deprecated.

[7m72[0m   React.ElementRef<typeof ToastPrimitives.Close>,
[7m  [0m [93m        ~~~~~~~~~~[0m
[96msrc/components/ui/toast.tsx[0m:[93m57[0m:[93m9[0m - [93mwarning[0m[90m ts(6385): [0m'ElementRef' is deprecated.

[7m57[0m   React.ElementRef<typeof ToastPrimitives.Action>,
[7m  [0m [93m        ~~~~~~~~~~[0m
[96msrc/components/ui/toast.tsx[0m:[93m42[0m:[93m9[0m - [93mwarning[0m[90m ts(6385): [0m'ElementRef' is deprecated.

[7m42[0m   React.ElementRef<typeof ToastPrimitives.Root>,
[7m  [0m [93m        ~~~~~~~~~~[0m
[96msrc/components/ui/toast.tsx[0m:[93m11[0m:[93m9[0m - [93mwarning[0m[90m ts(6385): [0m'ElementRef' is deprecated.

[7m11[0m   React.ElementRef<typeof ToastPrimitives.Viewport>,
[7m  [0m [93m        ~~~~~~~~~~[0m

[96msrc/components/ui/toggle-group.tsx[0m:[93m36[0m:[93m9[0m - [93mwarning[0m[90m ts(6385): [0m'ElementRef' is deprecated.

[7m36[0m   React.ElementRef<typeof ToggleGroupPrimitive.Item>,
[7m  [0m [93m        ~~~~~~~~~~[0m
[96msrc/components/ui/toggle-group.tsx[0m:[93m18[0m:[93m9[0m - [93mwarning[0m[90m ts(6385): [0m'ElementRef' is deprecated.

[7m18[0m   React.ElementRef<typeof ToggleGroupPrimitive.Root>,
[7m  [0m [93m        ~~~~~~~~~~[0m

[96msrc/components/ui/toggle.tsx[0m:[93m30[0m:[93m9[0m - [93mwarning[0m[90m ts(6385): [0m'ElementRef' is deprecated.

[7m30[0m   React.ElementRef<typeof TogglePrimitive.Root>,
[7m  [0m [93m        ~~~~~~~~~~[0m

[96msrc/components/ui/tooltip.tsx[0m:[93m15[0m:[93m9[0m - [93mwarning[0m[90m ts(6385): [0m'ElementRef' is deprecated.

[7m15[0m   React.ElementRef<typeof TooltipPrimitive.Content>,
[7m  [0m [93m        ~~~~~~~~~~[0m

[96msrc/components/ui/shadcn-io/terminal/index.tsx[0m:[93m4[0m:[93m18[0m - [91merror[0m[90m ts(1484): [0m'MotionProps' is a type and must be imported using a type-only import when 'verbatimModuleSyntax' is enabled.

[7m4[0m import { motion, MotionProps } from "motion/react";
[7m [0m [91m                 ~~~~~~~~~~~[0m

[96msrc/config/providers.ts[0m:[93m210[0m:[93m13[0m - [93mwarning[0m[90m ts(6133): [0m'_exhaustive' is declared but its value is never read.

[7m210[0m       const _exhaustive: never = validatedEnv;
[7m   [0m [93m            ~~~~~~~~~~~[0m

[96msrc/hooks/useConnectionService.ts[0m:[93m230[0m:[93m7[0m - [93mwarning[0m[90m ts(6133): [0m'id' is declared but its value is never read.

[7m230[0m       id: Id<'connections'>,
[7m   [0m [93m      ~~[0m
[96msrc/hooks/useConnectionService.ts[0m:[93m206[0m:[93m7[0m - [93mwarning[0m[90m ts(6133): [0m'updates' is declared but its value is never read.

[7m206[0m       updates: Partial<CreateConnectionArgs>,
[7m   [0m [93m      ~~~~~~~[0m
[96msrc/hooks/useConnectionService.ts[0m:[93m205[0m:[93m7[0m - [93mwarning[0m[90m ts(6133): [0m'id' is declared but its value is never read.

[7m205[0m       id: Id<'connections'>,
[7m   [0m [93m      ~~[0m
[96msrc/hooks/useConnectionService.ts[0m:[93m181[0m:[93m7[0m - [93mwarning[0m[90m ts(6133): [0m'args' is declared but its value is never read.

[7m181[0m       args: CreateConnectionArgs,
[7m   [0m [93m      ~~~~[0m
[96msrc/hooks/useConnectionService.ts[0m:[93m157[0m:[93m7[0m - [93mwarning[0m[90m ts(6133): [0m'args' is declared but its value is never read.

[7m157[0m       args: GetRelatedArgs,
[7m   [0m [93m      ~~~~[0m
[96msrc/hooks/useConnectionService.ts[0m:[93m127[0m:[93m7[0m - [93mwarning[0m[90m ts(6133): [0m'args' is declared but its value is never read.

[7m127[0m       args: ListConnectionsArgs,
[7m   [0m [93m      ~~~~[0m

[96msrc/hooks/useDataProvider.tsx[0m:[93m8[0m:[93m8[0m - [93mwarning[0m[90m ts(6133): [0m'React' is declared but its value is never read.

[7m8[0m import React, { createContext, useContext, type ReactNode } from 'react';
[7m [0m [93m       ~~~~~[0m

[96msrc/hooks/useKnowledge.tsx[0m:[93m286[0m:[93m27[0m - [93mwarning[0m[90m ts(6133): [0m'category' is declared but its value is never read.

[7m286[0m export function useLabels(category?: string, queryOptions?: QueryOptions) {
[7m   [0m [93m                          ~~~~~~~~[0m

[96msrc/hooks/usePeople.tsx[0m:[93m324[0m:[93m24[0m - [93mwarning[0m[90m ts(6198): [0mAll destructured elements are unused.

[7m324[0m     mutationFn: async ({
[7m   [0m [93m                       ~[0m
[7m325[0m       email,
[7m   [0m [93m~~~~~~~~~~~~[0m
[7m...[0m 
[7m327[0m       role,
[7m   [0m [93m~~~~~~~~~~~[0m
[7m328[0m     }: {
[7m   [0m [93m~~~~~[0m
[96msrc/hooks/usePeople.tsx[0m:[93m320[0m:[93m9[0m - [93mwarning[0m[90m ts(6133): [0m'provider' is declared but its value is never read.

[7m320[0m   const provider = useDataProvider();
[7m   [0m [93m        ~~~~~~~~[0m
[96msrc/hooks/usePeople.tsx[0m:[93m72[0m:[93m9[0m - [93mwarning[0m[90m ts(6133): [0m'provider' is declared but its value is never read.

[7m72[0m   const provider = useDataProvider();
[7m  [0m [93m        ~~~~~~~~[0m

[96msrc/hooks/useThingService.ts[0m:[93m201[0m:[93m7[0m - [93mwarning[0m[90m ts(6133): [0m'id' is declared but its value is never read.

[7m201[0m       id: Id<'entities'>,
[7m   [0m [93m      ~~[0m
[96msrc/hooks/useThingService.ts[0m:[93m177[0m:[93m7[0m - [93mwarning[0m[90m ts(6133): [0m'args' is declared but its value is never read.

[7m177[0m       args: UpdateThingArgs,
[7m   [0m [93m      ~~~~[0m
[96msrc/hooks/useThingService.ts[0m:[93m153[0m:[93m7[0m - [93mwarning[0m[90m ts(6133): [0m'args' is declared but its value is never read.

[7m153[0m       args: CreateThingArgs,
[7m   [0m [93m      ~~~~[0m
[96msrc/hooks/useThingService.ts[0m:[93m129[0m:[93m7[0m - [93mwarning[0m[90m ts(6133): [0m'id' is declared but its value is never read.

[7m129[0m       id: Id<'entities'>,
[7m   [0m [93m      ~~[0m
[96msrc/hooks/useThingService.ts[0m:[93m96[0m:[93m7[0m - [93mwarning[0m[90m ts(6133): [0m'args' is declared but its value is never read.

[7m96[0m       args: ListThingsArgs,
[7m  [0m [93m      ~~~~[0m

[96msrc/hooks/useThings.tsx[0m:[93m11[0m:[93m27[0m - [93mwarning[0m[90m ts(6133): [0m'queryClient' is declared but its value is never read.

[7m11[0m import { useDataProvider, queryClient } from './useDataProvider';
[7m  [0m [93m                          ~~~~~~~~~~~[0m
[96msrc/hooks/useThings.tsx[0m:[93m8[0m:[93m10[0m - [93mwarning[0m[90m ts(6133): [0m'useCallback' is declared but its value is never read.

[7m8[0m import { useCallback, useEffect } from 'react';
[7m [0m [93m         ~~~~~~~~~~~[0m

[96msrc/layouts/Layout.astro[0m:[93m56[0m:[93m13[0m - [93mwarning[0m[90m astro(4000): [0mThis script will be treated as if it has the `is:inline` directive because it contains an attribute. Therefore, features that require processing (e.g. using TypeScript or npm packages in the script) are unavailable.

See docs for more details: https://docs.astro.build/en/guides/client-side-scripts/#script-processing.

Add the `is:inline` directive explicitly to silence this hint.

[7m56[0m     <script src="https://cdn.usal.dev/latest" defer></script>
[7m  [0m [93m            ~~~[0m

[96msrc/pages/ai.astro[0m:[93m218[0m:[93m15[0m - [91merror[0m[90m ts(2322): [0mType '{ children: any; class: string; }' is not assignable to type 'IntrinsicAttributes & HTMLAttributes<HTMLDivElement> & RefAttributes<HTMLDivElement>'.
  Property 'class' does not exist on type 'IntrinsicAttributes & HTMLAttributes<HTMLDivElement> & RefAttributes<HTMLDivElement>'. Did you mean 'className'?

[7m218[0m         <Card class="border-border/50 bg-card/60 backdrop-blur transition-all hover:border-primary/20 hover:bg-card">
[7m   [0m [91m              ~~~~~[0m
[96msrc/pages/ai.astro[0m:[93m206[0m:[93m15[0m - [91merror[0m[90m ts(2322): [0mType '{ children: any; class: string; }' is not assignable to type 'IntrinsicAttributes & HTMLAttributes<HTMLDivElement> & RefAttributes<HTMLDivElement>'.
  Property 'class' does not exist on type 'IntrinsicAttributes & HTMLAttributes<HTMLDivElement> & RefAttributes<HTMLDivElement>'. Did you mean 'className'?

[7m206[0m         <Card class="border-border/50 bg-card/60 backdrop-blur transition-all hover:border-primary/20 hover:bg-card">
[7m   [0m [91m              ~~~~~[0m
[96msrc/pages/ai.astro[0m:[93m194[0m:[93m15[0m - [91merror[0m[90m ts(2322): [0mType '{ children: any; class: string; }' is not assignable to type 'IntrinsicAttributes & HTMLAttributes<HTMLDivElement> & RefAttributes<HTMLDivElement>'.
  Property 'class' does not exist on type 'IntrinsicAttributes & HTMLAttributes<HTMLDivElement> & RefAttributes<HTMLDivElement>'. Did you mean 'className'?

[7m194[0m         <Card class="border-border/50 bg-card/60 backdrop-blur transition-all hover:border-primary/20 hover:bg-card">
[7m   [0m [91m              ~~~~~[0m
[96msrc/pages/ai.astro[0m:[93m165[0m:[93m15[0m - [91merror[0m[90m ts(2322): [0mType '{ children: any; class: string; }' is not assignable to type 'IntrinsicAttributes & HTMLAttributes<HTMLDivElement> & RefAttributes<HTMLDivElement>'.
  Property 'class' does not exist on type 'IntrinsicAttributes & HTMLAttributes<HTMLDivElement> & RefAttributes<HTMLDivElement>'. Did you mean 'className'?

[7m165[0m         <Card class="border-border/50 bg-card/60 backdrop-blur transition-all hover:border-primary/20 hover:bg-card">
[7m   [0m [91m              ~~~~~[0m
[96msrc/pages/ai.astro[0m:[93m153[0m:[93m15[0m - [91merror[0m[90m ts(2322): [0mType '{ children: any; class: string; }' is not assignable to type 'IntrinsicAttributes & HTMLAttributes<HTMLDivElement> & RefAttributes<HTMLDivElement>'.
  Property 'class' does not exist on type 'IntrinsicAttributes & HTMLAttributes<HTMLDivElement> & RefAttributes<HTMLDivElement>'. Did you mean 'className'?

[7m153[0m         <Card class="border-border/50 bg-card/60 backdrop-blur transition-all hover:border-primary/20 hover:bg-card">
[7m   [0m [91m              ~~~~~[0m
[96msrc/pages/ai.astro[0m:[93m141[0m:[93m15[0m - [91merror[0m[90m ts(2322): [0mType '{ children: any; class: string; }' is not assignable to type 'IntrinsicAttributes & HTMLAttributes<HTMLDivElement> & RefAttributes<HTMLDivElement>'.
  Property 'class' does not exist on type 'IntrinsicAttributes & HTMLAttributes<HTMLDivElement> & RefAttributes<HTMLDivElement>'. Did you mean 'className'?

[7m141[0m         <Card class="border-border/50 bg-card/60 backdrop-blur transition-all hover:border-primary/20 hover:bg-card">
[7m   [0m [91m              ~~~~~[0m
[96msrc/pages/ai.astro[0m:[93m129[0m:[93m15[0m - [91merror[0m[90m ts(2322): [0mType '{ children: any; class: string; }' is not assignable to type 'IntrinsicAttributes & HTMLAttributes<HTMLDivElement> & RefAttributes<HTMLDivElement>'.
  Property 'class' does not exist on type 'IntrinsicAttributes & HTMLAttributes<HTMLDivElement> & RefAttributes<HTMLDivElement>'. Did you mean 'className'?

[7m129[0m         <Card class="border-border/50 bg-card/60 backdrop-blur transition-all hover:border-primary/20 hover:bg-card">
[7m   [0m [91m              ~~~~~[0m
[96msrc/pages/ai.astro[0m:[93m100[0m:[93m15[0m - [91merror[0m[90m ts(2322): [0mType '{ children: any; class: string; }' is not assignable to type 'IntrinsicAttributes & HTMLAttributes<HTMLDivElement> & RefAttributes<HTMLDivElement>'.
  Property 'class' does not exist on type 'IntrinsicAttributes & HTMLAttributes<HTMLDivElement> & RefAttributes<HTMLDivElement>'. Did you mean 'className'?

[7m100[0m         <Card class="border-border/50 bg-card/60 backdrop-blur transition-all hover:border-primary/20 hover:bg-card">
[7m   [0m [91m              ~~~~~[0m
[96msrc/pages/ai.astro[0m:[93m88[0m:[93m15[0m - [91merror[0m[90m ts(2322): [0mType '{ children: any; class: string; }' is not assignable to type 'IntrinsicAttributes & HTMLAttributes<HTMLDivElement> & RefAttributes<HTMLDivElement>'.
  Property 'class' does not exist on type 'IntrinsicAttributes & HTMLAttributes<HTMLDivElement> & RefAttributes<HTMLDivElement>'. Did you mean 'className'?

[7m88[0m         <Card class="border-border/50 bg-card/60 backdrop-blur transition-all hover:border-primary/20 hover:bg-card">
[7m  [0m [91m              ~~~~~[0m
[96msrc/pages/ai.astro[0m:[93m76[0m:[93m15[0m - [91merror[0m[90m ts(2322): [0mType '{ children: any; class: string; }' is not assignable to type 'IntrinsicAttributes & HTMLAttributes<HTMLDivElement> & RefAttributes<HTMLDivElement>'.
  Property 'class' does not exist on type 'IntrinsicAttributes & HTMLAttributes<HTMLDivElement> & RefAttributes<HTMLDivElement>'. Did you mean 'className'?

[7m76[0m         <Card class="border-border/50 bg-card/60 backdrop-blur transition-all hover:border-primary/20 hover:bg-card">
[7m  [0m [91m              ~~~~~[0m
[96msrc/pages/ai.astro[0m:[93m64[0m:[93m15[0m - [91merror[0m[90m ts(2322): [0mType '{ children: any; class: string; }' is not assignable to type 'IntrinsicAttributes & HTMLAttributes<HTMLDivElement> & RefAttributes<HTMLDivElement>'.
  Property 'class' does not exist on type 'IntrinsicAttributes & HTMLAttributes<HTMLDivElement> & RefAttributes<HTMLDivElement>'. Did you mean 'className'?

[7m64[0m         <Card class="border-border/50 bg-card/60 backdrop-blur transition-all hover:border-primary/20 hover:bg-card">
[7m  [0m [91m              ~~~~~[0m

[96msrc/pages/build-in-english.astro[0m:[93m31[0m:[93m3[0m - [93mwarning[0m[90m ts(6133): [0m'Bot' is declared but its value is never read.

[7m31[0m   Bot,
[7m  [0m [93m  ~~~[0m

[96msrc/pages/features.astro[0m:[93m35[0m:[93m3[0m - [93mwarning[0m[90m ts(6133): [0m'Terminal' is declared but its value is never read.

[7m35[0m   Terminal,
[7m  [0m [93m  ~~~~~~~~[0m
[96msrc/pages/features.astro[0m:[93m34[0m:[93m3[0m - [93mwarning[0m[90m ts(6133): [0m'Figma' is declared but its value is never read.

[7m34[0m   Figma,
[7m  [0m [93m  ~~~~~[0m
[96msrc/pages/features.astro[0m:[93m34[0m:[93m3[0m - [93mwarning[0m[90m ts(6385): [0m'Figma' is deprecated.

[7m34[0m   Figma,
[7m  [0m [93m  ~~~~~[0m
[96msrc/pages/features.astro[0m:[93m24[0m:[93m3[0m - [93mwarning[0m[90m ts(6133): [0m'Database' is declared but its value is never read.

[7m24[0m   Database,
[7m  [0m [93m  ~~~~~~~~[0m
[96msrc/pages/features.astro[0m:[93m20[0m:[93m3[0m - [93mwarning[0m[90m ts(6133): [0m'Globe' is declared but its value is never read.

[7m20[0m   Globe,
[7m  [0m [93m  ~~~~~[0m

[96msrc/pages/features1.astro[0m:[93m803[0m:[93m11[0m - [91merror[0m[90m ts(2322): [0mType '{ children: any[]; class: string; }' is not assignable to type 'IntrinsicAttributes & HTMLAttributes<HTMLDivElement> & RefAttributes<HTMLDivElement>'.
  Property 'class' does not exist on type 'IntrinsicAttributes & HTMLAttributes<HTMLDivElement> & RefAttributes<HTMLDivElement>'. Did you mean 'className'?

[7m803[0m           class="inline-block border-2 border-primary/30 bg-gradient-to-br from-primary/10 to-primary/5 backdrop-blur p-8 max-w-3xl"
[7m   [0m [91m          ~~~~~[0m
[96msrc/pages/features1.astro[0m:[93m649[0m:[93m11[0m - [91merror[0m[90m ts(2322): [0mType '{ children: any; class: string; }' is not assignable to type 'IntrinsicAttributes & HTMLAttributes<HTMLDivElement> & RefAttributes<HTMLDivElement>'.
  Property 'class' does not exist on type 'IntrinsicAttributes & HTMLAttributes<HTMLDivElement> & RefAttributes<HTMLDivElement>'. Did you mean 'className'?

[7m649[0m           class="border-2 border-primary/30 bg-gradient-to-br from-primary/10 to-primary/5 backdrop-blur"
[7m   [0m [91m          ~~~~~[0m
[96msrc/pages/features1.astro[0m:[93m631[0m:[93m11[0m - [91merror[0m[90m ts(2322): [0mType '{ children: any; class: string; }' is not assignable to type 'IntrinsicAttributes & HTMLAttributes<HTMLDivElement> & RefAttributes<HTMLDivElement>'.
  Property 'class' does not exist on type 'IntrinsicAttributes & HTMLAttributes<HTMLDivElement> & RefAttributes<HTMLDivElement>'. Did you mean 'className'?

[7m631[0m           class="border-2 border-primary/30 bg-gradient-to-br from-primary/10 to-primary/5 backdrop-blur"
[7m   [0m [91m          ~~~~~[0m
[96msrc/pages/features1.astro[0m:[93m512[0m:[93m11[0m - [91merror[0m[90m ts(2322): [0mType '{ children: any; class: string; }' is not assignable to type 'IntrinsicAttributes & HTMLAttributes<HTMLDivElement> & RefAttributes<HTMLDivElement>'.
  Property 'class' does not exist on type 'IntrinsicAttributes & HTMLAttributes<HTMLDivElement> & RefAttributes<HTMLDivElement>'. Did you mean 'className'?

[7m512[0m           class="border-border/50 bg-card/50 backdrop-blur hover:border-primary/20 hover:bg-card transition-all"
[7m   [0m [91m          ~~~~~[0m
[96msrc/pages/features1.astro[0m:[93m495[0m:[93m11[0m - [91merror[0m[90m ts(2322): [0mType '{ children: any; class: string; }' is not assignable to type 'IntrinsicAttributes & HTMLAttributes<HTMLDivElement> & RefAttributes<HTMLDivElement>'.
  Property 'class' does not exist on type 'IntrinsicAttributes & HTMLAttributes<HTMLDivElement> & RefAttributes<HTMLDivElement>'. Did you mean 'className'?

[7m495[0m           class="border-border/50 bg-card/50 backdrop-blur hover:border-primary/20 hover:bg-card transition-all"
[7m   [0m [91m          ~~~~~[0m
[96msrc/pages/features1.astro[0m:[93m478[0m:[93m11[0m - [91merror[0m[90m ts(2322): [0mType '{ children: any; class: string; }' is not assignable to type 'IntrinsicAttributes & HTMLAttributes<HTMLDivElement> & RefAttributes<HTMLDivElement>'.
  Property 'class' does not exist on type 'IntrinsicAttributes & HTMLAttributes<HTMLDivElement> & RefAttributes<HTMLDivElement>'. Did you mean 'className'?

[7m478[0m           class="border-border/50 bg-card/50 backdrop-blur hover:border-primary/20 hover:bg-card transition-all"
[7m   [0m [91m          ~~~~~[0m
[96msrc/pages/features1.astro[0m:[93m461[0m:[93m11[0m - [91merror[0m[90m ts(2322): [0mType '{ children: any; class: string; }' is not assignable to type 'IntrinsicAttributes & HTMLAttributes<HTMLDivElement> & RefAttributes<HTMLDivElement>'.
  Property 'class' does not exist on type 'IntrinsicAttributes & HTMLAttributes<HTMLDivElement> & RefAttributes<HTMLDivElement>'. Did you mean 'className'?

[7m461[0m           class="border-border/50 bg-card/50 backdrop-blur hover:border-primary/20 hover:bg-card transition-all"
[7m   [0m [91m          ~~~~~[0m
[96msrc/pages/features1.astro[0m:[93m444[0m:[93m11[0m - [91merror[0m[90m ts(2322): [0mType '{ children: any; class: string; }' is not assignable to type 'IntrinsicAttributes & HTMLAttributes<HTMLDivElement> & RefAttributes<HTMLDivElement>'.
  Property 'class' does not exist on type 'IntrinsicAttributes & HTMLAttributes<HTMLDivElement> & RefAttributes<HTMLDivElement>'. Did you mean 'className'?

[7m444[0m           class="border-border/50 bg-card/50 backdrop-blur hover:border-primary/20 hover:bg-card transition-all"
[7m   [0m [91m          ~~~~~[0m
[96msrc/pages/features1.astro[0m:[93m427[0m:[93m11[0m - [91merror[0m[90m ts(2322): [0mType '{ children: any; class: string; }' is not assignable to type 'IntrinsicAttributes & HTMLAttributes<HTMLDivElement> & RefAttributes<HTMLDivElement>'.
  Property 'class' does not exist on type 'IntrinsicAttributes & HTMLAttributes<HTMLDivElement> & RefAttributes<HTMLDivElement>'. Did you mean 'className'?

[7m427[0m           class="border-border/50 bg-card/50 backdrop-blur hover:border-primary/20 hover:bg-card transition-all"
[7m   [0m [91m          ~~~~~[0m
[96msrc/pages/features1.astro[0m:[93m391[0m:[93m11[0m - [91merror[0m[90m ts(2322): [0mType '{ children: any; class: string; }' is not assignable to type 'IntrinsicAttributes & HTMLAttributes<HTMLDivElement> & RefAttributes<HTMLDivElement>'.
  Property 'class' does not exist on type 'IntrinsicAttributes & HTMLAttributes<HTMLDivElement> & RefAttributes<HTMLDivElement>'. Did you mean 'className'?

[7m391[0m           class="group border-border/50 bg-card/50 backdrop-blur transition-all hover:scale-[1.02] hover:border-primary/20 hover:bg-card hover:shadow-lg"
[7m   [0m [91m          ~~~~~[0m
[96msrc/pages/features1.astro[0m:[93m374[0m:[93m11[0m - [91merror[0m[90m ts(2322): [0mType '{ children: any; class: string; }' is not assignable to type 'IntrinsicAttributes & HTMLAttributes<HTMLDivElement> & RefAttributes<HTMLDivElement>'.
  Property 'class' does not exist on type 'IntrinsicAttributes & HTMLAttributes<HTMLDivElement> & RefAttributes<HTMLDivElement>'. Did you mean 'className'?

[7m374[0m           class="group border-border/50 bg-card/50 backdrop-blur transition-all hover:scale-[1.02] hover:border-primary/20 hover:bg-card hover:shadow-lg"
[7m   [0m [91m          ~~~~~[0m
[96msrc/pages/features1.astro[0m:[93m357[0m:[93m11[0m - [91merror[0m[90m ts(2322): [0mType '{ children: any; class: string; }' is not assignable to type 'IntrinsicAttributes & HTMLAttributes<HTMLDivElement> & RefAttributes<HTMLDivElement>'.
  Property 'class' does not exist on type 'IntrinsicAttributes & HTMLAttributes<HTMLDivElement> & RefAttributes<HTMLDivElement>'. Did you mean 'className'?

[7m357[0m           class="group border-border/50 bg-card/50 backdrop-blur transition-all hover:scale-[1.02] hover:border-primary/20 hover:bg-card hover:shadow-lg"
[7m   [0m [91m          ~~~~~[0m
[96msrc/pages/features1.astro[0m:[93m340[0m:[93m11[0m - [91merror[0m[90m ts(2322): [0mType '{ children: any; class: string; }' is not assignable to type 'IntrinsicAttributes & HTMLAttributes<HTMLDivElement> & RefAttributes<HTMLDivElement>'.
  Property 'class' does not exist on type 'IntrinsicAttributes & HTMLAttributes<HTMLDivElement> & RefAttributes<HTMLDivElement>'. Did you mean 'className'?

[7m340[0m           class="group border-border/50 bg-card/50 backdrop-blur transition-all hover:scale-[1.02] hover:border-primary/20 hover:bg-card hover:shadow-lg"
[7m   [0m [91m          ~~~~~[0m
[96msrc/pages/features1.astro[0m:[93m323[0m:[93m11[0m - [91merror[0m[90m ts(2322): [0mType '{ children: any; class: string; }' is not assignable to type 'IntrinsicAttributes & HTMLAttributes<HTMLDivElement> & RefAttributes<HTMLDivElement>'.
  Property 'class' does not exist on type 'IntrinsicAttributes & HTMLAttributes<HTMLDivElement> & RefAttributes<HTMLDivElement>'. Did you mean 'className'?

[7m323[0m           class="group border-border/50 bg-card/50 backdrop-blur transition-all hover:scale-[1.02] hover:border-primary/20 hover:bg-card hover:shadow-lg"
[7m   [0m [91m          ~~~~~[0m
[96msrc/pages/features1.astro[0m:[93m267[0m:[93m13[0m - [91merror[0m[90m ts(2322): [0mType '{ children: any; class: string; }' is not assignable to type 'IntrinsicAttributes & HTMLAttributes<HTMLDivElement> & RefAttributes<HTMLDivElement>'.
  Property 'class' does not exist on type 'IntrinsicAttributes & HTMLAttributes<HTMLDivElement> & RefAttributes<HTMLDivElement>'. Did you mean 'className'?

[7m267[0m             class="border-border/50 bg-card/60 backdrop-blur hover:border-primary/20 hover:bg-card transition-all"
[7m   [0m [91m            ~~~~~[0m
[96msrc/pages/features1.astro[0m:[93m250[0m:[93m13[0m - [91merror[0m[90m ts(2322): [0mType '{ children: any; class: string; }' is not assignable to type 'IntrinsicAttributes & HTMLAttributes<HTMLDivElement> & RefAttributes<HTMLDivElement>'.
  Property 'class' does not exist on type 'IntrinsicAttributes & HTMLAttributes<HTMLDivElement> & RefAttributes<HTMLDivElement>'. Did you mean 'className'?

[7m250[0m             class="border-border/50 bg-card/60 backdrop-blur hover:border-primary/20 hover:bg-card transition-all"
[7m   [0m [91m            ~~~~~[0m
[96msrc/pages/features1.astro[0m:[93m233[0m:[93m13[0m - [91merror[0m[90m ts(2322): [0mType '{ children: any; class: string; }' is not assignable to type 'IntrinsicAttributes & HTMLAttributes<HTMLDivElement> & RefAttributes<HTMLDivElement>'.
  Property 'class' does not exist on type 'IntrinsicAttributes & HTMLAttributes<HTMLDivElement> & RefAttributes<HTMLDivElement>'. Did you mean 'className'?

[7m233[0m             class="border-border/50 bg-card/60 backdrop-blur hover:border-primary/20 hover:bg-card transition-all"
[7m   [0m [91m            ~~~~~[0m
[96msrc/pages/features1.astro[0m:[93m216[0m:[93m13[0m - [91merror[0m[90m ts(2322): [0mType '{ children: any; class: string; }' is not assignable to type 'IntrinsicAttributes & HTMLAttributes<HTMLDivElement> & RefAttributes<HTMLDivElement>'.
  Property 'class' does not exist on type 'IntrinsicAttributes & HTMLAttributes<HTMLDivElement> & RefAttributes<HTMLDivElement>'. Did you mean 'className'?

[7m216[0m             class="border-border/50 bg-card/60 backdrop-blur hover:border-primary/20 hover:bg-card transition-all"
[7m   [0m [91m            ~~~~~[0m
[96msrc/pages/features1.astro[0m:[93m177[0m:[93m13[0m - [91merror[0m[90m ts(2322): [0mType '{ children: any; class: string; }' is not assignable to type 'IntrinsicAttributes & HTMLAttributes<HTMLDivElement> & RefAttributes<HTMLDivElement>'.
  Property 'class' does not exist on type 'IntrinsicAttributes & HTMLAttributes<HTMLDivElement> & RefAttributes<HTMLDivElement>'. Did you mean 'className'?

[7m177[0m             class="border-border/50 bg-card/60 backdrop-blur hover:border-primary/20 hover:bg-card transition-all"
[7m   [0m [91m            ~~~~~[0m
[96msrc/pages/features1.astro[0m:[93m160[0m:[93m13[0m - [91merror[0m[90m ts(2322): [0mType '{ children: any; class: string; }' is not assignable to type 'IntrinsicAttributes & HTMLAttributes<HTMLDivElement> & RefAttributes<HTMLDivElement>'.
  Property 'class' does not exist on type 'IntrinsicAttributes & HTMLAttributes<HTMLDivElement> & RefAttributes<HTMLDivElement>'. Did you mean 'className'?

[7m160[0m             class="border-border/50 bg-card/60 backdrop-blur hover:border-primary/20 hover:bg-card transition-all"
[7m   [0m [91m            ~~~~~[0m
[96msrc/pages/features1.astro[0m:[93m143[0m:[93m13[0m - [91merror[0m[90m ts(2322): [0mType '{ children: any; class: string; }' is not assignable to type 'IntrinsicAttributes & HTMLAttributes<HTMLDivElement> & RefAttributes<HTMLDivElement>'.
  Property 'class' does not exist on type 'IntrinsicAttributes & HTMLAttributes<HTMLDivElement> & RefAttributes<HTMLDivElement>'. Did you mean 'className'?

[7m143[0m             class="border-border/50 bg-card/60 backdrop-blur hover:border-primary/20 hover:bg-card transition-all"
[7m   [0m [91m            ~~~~~[0m
[96msrc/pages/features1.astro[0m:[93m126[0m:[93m13[0m - [91merror[0m[90m ts(2322): [0mType '{ children: any; class: string; }' is not assignable to type 'IntrinsicAttributes & HTMLAttributes<HTMLDivElement> & RefAttributes<HTMLDivElement>'.
  Property 'class' does not exist on type 'IntrinsicAttributes & HTMLAttributes<HTMLDivElement> & RefAttributes<HTMLDivElement>'. Did you mean 'className'?

[7m126[0m             class="border-border/50 bg-card/60 backdrop-blur hover:border-primary/20 hover:bg-card transition-all"
[7m   [0m [91m            ~~~~~[0m
[96msrc/pages/features1.astro[0m:[93m256[0m:[93m18[0m - [93mwarning[0m[90m ts(6385): [0m'Figma' is deprecated.

[7m256[0m                 <Figma className="h-6 w-6 text-primary" />
[7m   [0m [93m                 ~~~~~[0m
[96msrc/pages/features1.astro[0m:[93m34[0m:[93m3[0m - [93mwarning[0m[90m ts(6385): [0m'Figma' is deprecated.

[7m34[0m   Figma,
[7m  [0m [93m  ~~~~~[0m
[96msrc/pages/features1.astro[0m:[93m20[0m:[93m3[0m - [93mwarning[0m[90m ts(6133): [0m'Globe' is declared but its value is never read.

[7m20[0m   Globe,
[7m  [0m [93m  ~~~~~[0m

[96msrc/pages/index.astro[0m:[93m1928[0m:[93m14[0m - [93mwarning[0m[90m ts(6385): [0m'Github' is deprecated.

[7m1928[0m             <Github
[7m    [0m [93m             ~~~~~~[0m
[96msrc/pages/index.astro[0m:[93m145[0m:[93m16[0m - [93mwarning[0m[90m ts(6385): [0m'Github' is deprecated.

[7m145[0m               <Github className="mr-2 h-5 w-5" />
[7m   [0m [93m               ~~~~~~[0m
[96msrc/pages/index.astro[0m:[93m21[0m:[93m3[0m - [93mwarning[0m[90m ts(6133): [0m'Coins' is declared but its value is never read.

[7m21[0m   Coins,
[7m  [0m [93m  ~~~~~[0m
[96msrc/pages/index.astro[0m:[93m13[0m:[93m3[0m - [93mwarning[0m[90m ts(6385): [0m'Github' is deprecated.

[7m13[0m   Github,
[7m  [0m [93m  ~~~~~~[0m

[96msrc/pages/language.astro[0m:[93m37[0m:[93m3[0m - [93mwarning[0m[90m ts(6133): [0m'BarChart' is declared but its value is never read.

[7m37[0m   BarChart,
[7m  [0m [93m  ~~~~~~~~[0m
[96msrc/pages/language.astro[0m:[93m26[0m:[93m3[0m - [93mwarning[0m[90m ts(6133): [0m'Activity' is declared but its value is never read.

[7m26[0m   Activity,
[7m  [0m [93m  ~~~~~~~~[0m
[96msrc/pages/language.astro[0m:[93m25[0m:[93m3[0m - [93mwarning[0m[90m ts(6133): [0m'GitBranch' is declared but its value is never read.

[7m25[0m   GitBranch,
[7m  [0m [93m  ~~~~~~~~~[0m
[96msrc/pages/language.astro[0m:[93m24[0m:[93m3[0m - [93mwarning[0m[90m ts(6133): [0m'Box' is declared but its value is never read.

[7m24[0m   Box,
[7m  [0m [93m  ~~~[0m

[96msrc/pages/software.astro[0m:[93m573[0m:[93m14[0m - [93mwarning[0m[90m ts(6385): [0m'Github' is deprecated.

[7m573[0m             <Github className="mr-2 h-6 w-6" />
[7m   [0m [93m             ~~~~~~[0m
[96msrc/pages/software.astro[0m:[93m56[0m:[93m16[0m - [93mwarning[0m[90m ts(6385): [0m'Github' is deprecated.

[7m56[0m               <Github className="mr-2 h-5 w-5" />
[7m  [0m [93m               ~~~~~~[0m
[96msrc/pages/software.astro[0m:[93m7[0m:[93m3[0m - [93mwarning[0m[90m ts(6385): [0m'Github' is deprecated.

[7m7[0m   Github,
[7m [0m [93m  ~~~~~~[0m

[96msrc/pages/websites copy.astro[0m:[93m1079[0m:[93m14[0m - [93mwarning[0m[90m ts(6385): [0m'Github' is deprecated.

[7m1079[0m             <Github className="mr-2 h-5 w-5" />
[7m    [0m [93m             ~~~~~~[0m
[96msrc/pages/websites copy.astro[0m:[93m74[0m:[93m16[0m - [93mwarning[0m[90m ts(6385): [0m'Github' is deprecated.

[7m74[0m               <Github className="mr-2 h-5 w-5" />
[7m  [0m [93m               ~~~~~~[0m
[96msrc/pages/websites copy.astro[0m:[93m12[0m:[93m3[0m - [93mwarning[0m[90m ts(6385): [0m'Github' is deprecated.

[7m12[0m   Github,
[7m  [0m [93m  ~~~~~~[0m
[96msrc/pages/websites copy.astro[0m:[93m7[0m:[93m3[0m - [93mwarning[0m[90m ts(6133): [0m'Globe' is declared but its value is never read.

[7m7[0m   Globe,
[7m [0m [93m  ~~~~~[0m

[96msrc/pages/websites.astro[0m:[93m7[0m:[93m3[0m - [93mwarning[0m[90m ts(6133): [0m'Globe' is declared but its value is never read.

[7m7[0m   Globe,
[7m [0m [93m  ~~~~~[0m

[96msrc/pages/account/settings.astro[0m:[93m211[0m:[93m15[0m - [93mwarning[0m[90m ts(6133): [0m'name' is declared but its value is never read.

[7m211[0m         const name = formData.get('name') as string;
[7m   [0m [93m              ~~~~[0m
[96msrc/pages/account/settings.astro[0m:[93m190[0m:[93m9[0m - [93mwarning[0m[90m ts(6133): [0m'client' is declared but its value is never read.

[7m190[0m   const client = new ConvexHttpClient(convexUrl);
[7m   [0m [93m        ~~~~~~[0m
[96msrc/pages/account/settings.astro[0m:[93m186[0m:[93m3[0m - [93mwarning[0m[90m ts(6133): [0m'api' is declared but its value is never read.

[7m186[0m   import { api } from '@/lib/convex-api';
[7m   [0m [93m  ~~~~~~~~~~~~~~~~~~~~~~~~~~~~~~~~~~~~~~~[0m

[96msrc/providers/BetterAuthProvider.ts[0m:[93m289[0m:[93m17[0m - [93mwarning[0m[90m ts(6133): [0m'args' is declared but its value is never read.

[7m289[0m     verify2FA: (args: Verify2FAArgs) =>
[7m   [0m [93m                ~~~~[0m

[96msrc/providers/ConvexProvider.ts[0m:[93m13[0m:[93m1[0m - [93mwarning[0m[90m ts(6133): [0m'FunctionReference' is declared but its value is never read.

[7m13[0m import type { FunctionReference } from "convex/server";
[7m  [0m [93m~~~~~~~~~~~~~~~~~~~~~~~~~~~~~~~~~~~~~~~~~~~~~~~~~~~~~~~[0m

[96msrc/providers/DataProvider.ts[0m:[93m12[0m:[93m1[0m - [93mwarning[0m[90m ts(6133): [0m'Id' is declared but its value is never read.

[7m12[0m import type { Id } from "@/types/convex";
[7m  [0m [93m~~~~~~~~~~~~~~~~~~~~~~~~~~~~~~~~~~~~~~~~~[0m

[96msrc/providers/factory.ts[0m:[93m86[0m:[93m13[0m - [93mwarning[0m[90m ts(6133): [0m'_exhaustive' is declared but its value is never read.

[7m86[0m       const _exhaustive: never = config;
[7m  [0m [93m            ~~~~~~~~~~~[0m
[96msrc/providers/factory.ts[0m:[93m16[0m:[93m37[0m - [93mwarning[0m[90m ts(6133): [0m'ConvexProviderConfig' is declared but its value is never read.

[7m16[0m import { createConvexProvider, type ConvexProviderConfig } from "./ConvexProvider";
[7m  [0m [93m                                    ~~~~~~~~~~~~~~~~~~~~[0m

[96msrc/providers/examples/usage.ts[0m:[93m427[0m:[93m34[0m - [93mwarning[0m[90m ts(6133): [0m'text' is declared but its value is never read.

[7m427[0m const mockEmbedFunction = async (text: string): Promise<number[]> => {
[7m   [0m [93m                                 ~~~~[0m
[96msrc/providers/examples/usage.ts[0m:[93m427[0m:[93m7[0m - [93mwarning[0m[90m ts(6133): [0m'mockEmbedFunction' is declared but its value is never read.

[7m427[0m const mockEmbedFunction = async (text: string): Promise<number[]> => {
[7m   [0m [93m      ~~~~~~~~~~~~~~~~~[0m
[96msrc/providers/examples/usage.ts[0m:[93m10[0m:[93m29[0m - [93mwarning[0m[90m ts(6133): [0m'CompositeProviderLive' is declared but its value is never read.

[7m10[0m import { compositeProvider, CompositeProviderLive } from "../composite/CompositeProvider";
[7m  [0m [93m                            ~~~~~~~~~~~~~~~~~~~~~[0m
[96msrc/providers/examples/usage.ts[0m:[93m8[0m:[93m26[0m - [93mwarning[0m[90m ts(6133): [0m'ConvexProviderLive' is declared but its value is never read.

[7m8[0m import { convexProvider, ConvexProviderLive } from "../convex/ConvexProvider";
[7m [0m [93m                         ~~~~~~~~~~~~~~~~~~[0m

[96msrc/providers/notion/NotionProvider.ts[0m:[93m720[0m:[93m37[0m - [93mwarning[0m[90m ts(6133): [0m'options' is declared but its value is never read.

[7m720[0m       search: (embedding: number[], options?: SearchKnowledgeOptions) =>
[7m   [0m [93m                                    ~~~~~~~[0m
[96msrc/providers/notion/NotionProvider.ts[0m:[93m720[0m:[93m16[0m - [93mwarning[0m[90m ts(6133): [0m'embedding' is declared but its value is never read.

[7m720[0m       search: (embedding: number[], options?: SearchKnowledgeOptions) =>
[7m   [0m [93m               ~~~~~~~~~[0m
[96msrc/providers/notion/NotionProvider.ts[0m:[93m715[0m:[93m52[0m - [93mwarning[0m[90m ts(6133): [0m'role' is declared but its value is never read.

[7m715[0m       link: (thingId: string, knowledgeId: string, role?: ThingKnowledge["role"]) =>
[7m   [0m [93m                                                   ~~~~[0m
[96msrc/providers/notion/NotionProvider.ts[0m:[93m715[0m:[93m31[0m - [93mwarning[0m[90m ts(6133): [0m'knowledgeId' is declared but its value is never read.

[7m715[0m       link: (thingId: string, knowledgeId: string, role?: ThingKnowledge["role"]) =>
[7m   [0m [93m                              ~~~~~~~~~~~[0m
[96msrc/providers/notion/NotionProvider.ts[0m:[93m715[0m:[93m14[0m - [93mwarning[0m[90m ts(6133): [0m'thingId' is declared but its value is never read.

[7m715[0m       link: (thingId: string, knowledgeId: string, role?: ThingKnowledge["role"]) =>
[7m   [0m [93m             ~~~~~~~[0m
[96msrc/providers/notion/NotionProvider.ts[0m:[93m710[0m:[93m16[0m - [93mwarning[0m[90m ts(6133): [0m'input' is declared but its value is never read.

[7m710[0m       create: (input: CreateKnowledgeInput) =>
[7m   [0m [93m               ~~~~~[0m
[96msrc/providers/notion/NotionProvider.ts[0m:[93m707[0m:[93m14[0m - [93mwarning[0m[90m ts(6133): [0m'options' is declared but its value is never read.

[7m707[0m       list: (options?: SearchKnowledgeOptions) =>
[7m   [0m [93m             ~~~~~~~[0m
[96msrc/providers/notion/NotionProvider.ts[0m:[93m690[0m:[93m16[0m - [93mwarning[0m[90m ts(6133): [0m'input' is declared but its value is never read.

[7m690[0m       create: (input: CreateEventInput) =>
[7m   [0m [93m               ~~~~~[0m
[96msrc/providers/notion/NotionProvider.ts[0m:[93m687[0m:[93m14[0m - [93mwarning[0m[90m ts(6133): [0m'options' is declared but its value is never read.

[7m687[0m       list: (options?: ListEventsOptions) =>
[7m   [0m [93m             ~~~~~~~[0m
[96msrc/providers/notion/NotionProvider.ts[0m:[93m682[0m:[93m13[0m - [93mwarning[0m[90m ts(6133): [0m'id' is declared but its value is never read.

[7m682[0m       get: (id: string) =>
[7m   [0m [93m            ~~[0m
[96msrc/providers/notion/NotionProvider.ts[0m:[93m130[0m:[93m17[0m - [93mwarning[0m[90m ts(6133): [0m'key' is declared but its value is never read.

[7m130[0m     for (const [key, value] of Object.entries(properties)) {
[7m   [0m [93m                ~~~[0m
[96msrc/providers/notion/NotionProvider.ts[0m:[93m26[0m:[93m3[0m - [93mwarning[0m[90m ts(6196): [0m'Knowledge' is declared but never used.

[7m26[0m   Knowledge,
[7m  [0m [93m  ~~~~~~~~~[0m
[96msrc/providers/notion/NotionProvider.ts[0m:[93m25[0m:[93m3[0m - [93mwarning[0m[90m ts(6196): [0m'Event' is declared but never used.

[7m25[0m   Event,
[7m  [0m [93m  ~~~~~[0m
[96msrc/providers/notion/NotionProvider.ts[0m:[93m18[0m:[93m3[0m - [93mwarning[0m[90m ts(6196): [0m'DatabaseObjectResponse' is declared but never used.

[7m18[0m   DatabaseObjectResponse,
[7m  [0m [93m  ~~~~~~~~~~~~~~~~~~~~~~[0m

[96msrc/providers/wordpress/WordPressProvider.ts[0m:[93m368[0m:[93m20[0m - [93mwarning[0m[90m ts(6133): [0m'args' is declared but its value is never read.

[7m368[0m       disable2FA: (args) =>
[7m   [0m [93m                   ~~~~[0m
[96msrc/providers/wordpress/WordPressProvider.ts[0m:[93m366[0m:[93m19[0m - [93mwarning[0m[90m ts(6133): [0m'args' is declared but its value is never read.

[7m366[0m       verify2FA: (args) =>
[7m   [0m [93m                  ~~~~[0m
[96msrc/providers/wordpress/WordPressProvider.ts[0m:[93m360[0m:[93m21[0m - [93mwarning[0m[90m ts(6133): [0m'args' is declared but its value is never read.

[7m360[0m       verifyEmail: (args) =>
[7m   [0m [93m                    ~~~~[0m
[96msrc/providers/wordpress/WordPressProvider.ts[0m:[93m358[0m:[93m31[0m - [93mwarning[0m[90m ts(6133): [0m'args' is declared but its value is never read.

[7m358[0m       passwordResetComplete: (args) =>
[7m   [0m [93m                              ~~~~[0m
[96msrc/providers/wordpress/WordPressProvider.ts[0m:[93m356[0m:[93m23[0m - [93mwarning[0m[90m ts(6133): [0m'args' is declared but its value is never read.

[7m356[0m       passwordReset: (args) =>
[7m   [0m [93m                      ~~~~[0m
[96msrc/providers/wordpress/WordPressProvider.ts[0m:[93m354[0m:[93m23[0m - [93mwarning[0m[90m ts(6133): [0m'args' is declared but its value is never read.

[7m354[0m       magicLinkAuth: (args) =>
[7m   [0m [93m                      ~~~~[0m
[96msrc/providers/wordpress/WordPressProvider.ts[0m:[93m348[0m:[93m16[0m - [93mwarning[0m[90m ts(6133): [0m'args' is declared but its value is never read.

[7m348[0m       signup: (args) =>
[7m   [0m [93m               ~~~~[0m
[96msrc/providers/wordpress/WordPressProvider.ts[0m:[93m346[0m:[93m15[0m - [93mwarning[0m[90m ts(6133): [0m'args' is declared but its value is never read.

[7m346[0m       login: (args) =>
[7m   [0m [93m              ~~~~[0m
[96msrc/providers/wordpress/WordPressProvider.ts[0m:[93m336[0m:[93m37[0m - [93mwarning[0m[90m ts(6133): [0m'options' is declared but its value is never read.

[7m336[0m       search: (embedding: number[], options?: SearchKnowledgeOptions) =>
[7m   [0m [93m                                    ~~~~~~~[0m
[96msrc/providers/wordpress/WordPressProvider.ts[0m:[93m336[0m:[93m16[0m - [93mwarning[0m[90m ts(6133): [0m'embedding' is declared but its value is never read.

[7m336[0m       search: (embedding: number[], options?: SearchKnowledgeOptions) =>
[7m   [0m [93m               ~~~~~~~~~[0m
[96msrc/providers/wordpress/WordPressProvider.ts[0m:[93m331[0m:[93m52[0m - [93mwarning[0m[90m ts(6133): [0m'role' is declared but its value is never read.

[7m331[0m       link: (thingId: string, knowledgeId: string, role?: any) =>
[7m   [0m [93m                                                   ~~~~[0m
[96msrc/providers/wordpress/WordPressProvider.ts[0m:[93m331[0m:[93m31[0m - [93mwarning[0m[90m ts(6133): [0m'knowledgeId' is declared but its value is never read.

[7m331[0m       link: (thingId: string, knowledgeId: string, role?: any) =>
[7m   [0m [93m                              ~~~~~~~~~~~[0m
[96msrc/providers/wordpress/WordPressProvider.ts[0m:[93m331[0m:[93m14[0m - [93mwarning[0m[90m ts(6133): [0m'thingId' is declared but its value is never read.

[7m331[0m       link: (thingId: string, knowledgeId: string, role?: any) =>
[7m   [0m [93m             ~~~~~~~[0m
[96msrc/providers/wordpress/WordPressProvider.ts[0m:[93m326[0m:[93m16[0m - [93mwarning[0m[90m ts(6133): [0m'input' is declared but its value is never read.

[7m326[0m       create: (input: CreateKnowledgeInput) =>
[7m   [0m [93m               ~~~~~[0m
[96msrc/providers/wordpress/WordPressProvider.ts[0m:[93m317[0m:[93m14[0m - [93mwarning[0m[90m ts(6133): [0m'options' is declared but its value is never read.

[7m317[0m       list: (options?: SearchKnowledgeOptions) =>
[7m   [0m [93m             ~~~~~~~[0m
[96msrc/providers/wordpress/WordPressProvider.ts[0m:[93m296[0m:[93m16[0m - [93mwarning[0m[90m ts(6133): [0m'input' is declared but its value is never read.

[7m296[0m       create: (input: CreateEventInput) =>
[7m   [0m [93m               ~~~~~[0m
[96msrc/providers/wordpress/WordPressProvider.ts[0m:[93m293[0m:[93m14[0m - [93mwarning[0m[90m ts(6133): [0m'options' is declared but its value is never read.

[7m293[0m       list: (options?: ListEventsOptions) =>
[7m   [0m [93m             ~~~~~~~[0m
[96msrc/providers/wordpress/WordPressProvider.ts[0m:[93m290[0m:[93m13[0m - [93mwarning[0m[90m ts(6133): [0m'id' is declared but its value is never read.

[7m290[0m       get: (id: string) =>
[7m   [0m [93m            ~~[0m
[96msrc/providers/wordpress/WordPressProvider.ts[0m:[93m277[0m:[93m16[0m - [93mwarning[0m[90m ts(6133): [0m'input' is declared but its value is never read.

[7m277[0m       create: (input: CreateConnectionInput) =>
[7m   [0m [93m               ~~~~~[0m
[96msrc/providers/wordpress/WordPressProvider.ts[0m:[93m274[0m:[93m14[0m - [93mwarning[0m[90m ts(6133): [0m'options' is declared but its value is never read.

[7m274[0m       list: (options?: ListConnectionsOptions) =>
[7m   [0m [93m             ~~~~~~~[0m
[96msrc/providers/wordpress/WordPressProvider.ts[0m:[93m145[0m:[93m9[0m - [93mwarning[0m[90m ts(6133): [0m'mapUserToThing' is declared but its value is never read.

[7m145[0m   const mapUserToThing = (user: WPUser): Thing => ({
[7m   [0m [93m        ~~~~~~~~~~~~~~[0m
[96msrc/providers/wordpress/WordPressProvider.ts[0m:[93m90[0m:[93m11[0m - [93mwarning[0m[90m ts(6196): [0m'WPTag' is declared but never used.

[7m90[0m interface WPTag {
[7m  [0m [93m          ~~~~~[0m
[96msrc/providers/wordpress/WordPressProvider.ts[0m:[93m29[0m:[93m3[0m - [93mwarning[0m[90m ts(6196): [0m'Event' is declared but never used.

[7m29[0m   Event,
[7m  [0m [93m  ~~~~~[0m
[96msrc/providers/wordpress/WordPressProvider.ts[0m:[93m28[0m:[93m3[0m - [93mwarning[0m[90m ts(6196): [0m'Connection' is declared but never used.

[7m28[0m   Connection,
[7m  [0m [93m  ~~~~~~~~~~[0m

[96msrc/providers/wordpress/WordPressProviderEnhanced.ts[0m:[93m741[0m:[93m37[0m - [93mwarning[0m[90m ts(6133): [0m'options' is declared but its value is never read.

[7m741[0m       search: (embedding: number[], options?: SearchKnowledgeOptions) =>
[7m   [0m [93m                                    ~~~~~~~[0m
[96msrc/providers/wordpress/WordPressProviderEnhanced.ts[0m:[93m741[0m:[93m16[0m - [93mwarning[0m[90m ts(6133): [0m'embedding' is declared but its value is never read.

[7m741[0m       search: (embedding: number[], options?: SearchKnowledgeOptions) =>
[7m   [0m [93m               ~~~~~~~~~[0m
[96msrc/providers/wordpress/WordPressProviderEnhanced.ts[0m:[93m736[0m:[93m52[0m - [93mwarning[0m[90m ts(6133): [0m'role' is declared but its value is never read.

[7m736[0m       link: (thingId: string, knowledgeId: string, role?: ThingKnowledge["role"]) =>
[7m   [0m [93m                                                   ~~~~[0m
[96msrc/providers/wordpress/WordPressProviderEnhanced.ts[0m:[93m736[0m:[93m31[0m - [93mwarning[0m[90m ts(6133): [0m'knowledgeId' is declared but its value is never read.

[7m736[0m       link: (thingId: string, knowledgeId: string, role?: ThingKnowledge["role"]) =>
[7m   [0m [93m                              ~~~~~~~~~~~[0m
[96msrc/providers/wordpress/WordPressProviderEnhanced.ts[0m:[93m736[0m:[93m14[0m - [93mwarning[0m[90m ts(6133): [0m'thingId' is declared but its value is never read.

[7m736[0m       link: (thingId: string, knowledgeId: string, role?: ThingKnowledge["role"]) =>
[7m   [0m [93m             ~~~~~~~[0m
[96msrc/providers/wordpress/WordPressProviderEnhanced.ts[0m:[93m384[0m:[93m9[0m - [93mwarning[0m[90m ts(6133): [0m'mapONERoleToWP' is declared but its value is never read.

[7m384[0m   const mapONERoleToWP = (oneRole: string): string => {
[7m   [0m [93m        ~~~~~~~~~~~~~~[0m
[96msrc/providers/wordpress/WordPressProviderEnhanced.ts[0m:[93m19[0m:[93m3[0m - [93mwarning[0m[90m ts(6196): [0m'Knowledge' is declared but never used.

[7m19[0m   Knowledge,
[7m  [0m [93m  ~~~~~~~~~[0m
[96msrc/providers/wordpress/WordPressProviderEnhanced.ts[0m:[93m18[0m:[93m3[0m - [93mwarning[0m[90m ts(6196): [0m'Event' is declared but never used.

[7m18[0m   Event,
[7m  [0m [93m  ~~~~~[0m
[96msrc/providers/wordpress/WordPressProviderEnhanced.ts[0m:[93m17[0m:[93m3[0m - [93mwarning[0m[90m ts(6196): [0m'Connection' is declared but never used.

[7m17[0m   Connection,
[7m  [0m [93m  ~~~~~~~~~~[0m

[96msrc/services/ConfigService.ts[0m:[93m322[0m:[93m21[0m - [93mwarning[0m[90m ts(6133): [0m'provider' is declared but its value is never read.

[7m322[0m               const provider = createDataProvider(newConfig);
[7m   [0m [93m                    ~~~~~~~~[0m
[96msrc/services/ConfigService.ts[0m:[93m320[0m:[93m17[0m - [93mwarning[0m[90m ts(6133): [0m'testResult' is declared but its value is never read.

[7m320[0m           const testResult = yield* Effect.tryPromise({
[7m   [0m [93m                ~~~~~~~~~~[0m
[96msrc/services/ConfigService.ts[0m:[93m282[0m:[93m17[0m - [93mwarning[0m[90m ts(6133): [0m'provider' is declared but its value is never read.

[7m282[0m           const provider = createDataProvider(config);
[7m   [0m [93m                ~~~~~~~~[0m
[96msrc/services/ConfigService.ts[0m:[93m33[0m:[93m8[0m - [93mwarning[0m[90m ts(6133): [0m'EncryptionKeyError' is declared but its value is never read.

[7m33[0m   type EncryptionKeyError,
[7m  [0m [93m       ~~~~~~~~~~~~~~~~~~[0m
[96msrc/services/ConfigService.ts[0m:[93m31[0m:[93m3[0m - [93mwarning[0m[90m ts(6133): [0m'validateEncryptionKey' is declared but its value is never read.

[7m31[0m   validateEncryptionKey,
[7m  [0m [93m  ~~~~~~~~~~~~~~~~~~~~~[0m

Result (231 files): 
- 34 errors
- 0 warnings
- 245 hints

